{"/Users/cruiiz/Sites/go-compare-chanllenge/index.js": {"path":"/Users/cruiiz/Sites/go-compare-chanllenge/index.js","statementMap":{"0":{"start":{"line":1,"column":25},"end":{"line":6,"column":1}},"1":{"start":{"line":9,"column":22},"end":{"line":9,"column":44}},"2":{"start":{"line":10,"column":19},"end":{"line":10,"column":20}},"3":{"start":{"line":12,"column":2},"end":{"line":12,"column":51}},"4":{"start":{"line":14,"column":2},"end":{"line":16,"column":3}},"5":{"start":{"line":15,"column":4},"end":{"line":15,"column":36}},"6":{"start":{"line":18,"column":2},"end":{"line":18,"column":55}},"7":{"start":{"line":20,"column":2},"end":{"line":20,"column":19}},"8":{"start":{"line":24,"column":21},"end":{"line":24,"column":39}},"9":{"start":{"line":25,"column":2},"end":{"line":25,"column":21}},"10":{"start":{"line":29,"column":2},"end":{"line":31,"column":4}},"11":{"start":{"line":30,"column":4},"end":{"line":30,"column":42}},"12":{"start":{"line":32,"column":2},"end":{"line":32,"column":19}},"13":{"start":{"line":36,"column":27},"end":{"line":36,"column":29}},"14":{"start":{"line":37,"column":19},"end":{"line":37,"column":20}},"15":{"start":{"line":39,"column":2},"end":{"line":45,"column":4}},"16":{"start":{"line":40,"column":4},"end":{"line":44,"column":5}},"17":{"start":{"line":41,"column":6},"end":{"line":41,"column":73}},"18":{"start":{"line":43,"column":6},"end":{"line":43,"column":43}},"19":{"start":{"line":47,"column":2},"end":{"line":51,"column":3}},"20":{"start":{"line":48,"column":26},"end":{"line":48,"column":56}},"21":{"start":{"line":49,"column":24},"end":{"line":49,"column":60}},"22":{"start":{"line":50,"column":4},"end":{"line":50,"column":43}},"23":{"start":{"line":53,"column":2},"end":{"line":57,"column":3}},"24":{"start":{"line":54,"column":26},"end":{"line":54,"column":56}},"25":{"start":{"line":55,"column":24},"end":{"line":55,"column":60}},"26":{"start":{"line":56,"column":4},"end":{"line":56,"column":43}},"27":{"start":{"line":59,"column":2},"end":{"line":59,"column":19}}},"fnMap":{"0":{"name":"priceOf","decl":{"start":{"line":8,"column":16},"end":{"line":8,"column":23}},"loc":{"start":{"line":8,"column":38},"end":{"line":21,"column":1}},"line":8},"1":{"name":"getProductValue","decl":{"start":{"line":23,"column":16},"end":{"line":23,"column":31}},"loc":{"start":{"line":23,"column":41},"end":{"line":26,"column":1}},"line":23},"2":{"name":"sumValues","decl":{"start":{"line":28,"column":9},"end":{"line":28,"column":18}},"loc":{"start":{"line":28,"column":46},"end":{"line":33,"column":1}},"line":28},"3":{"name":"(anonymous_3)","decl":{"start":{"line":29,"column":24},"end":{"line":29,"column":25}},"loc":{"start":{"line":29,"column":35},"end":{"line":31,"column":3}},"line":29},"4":{"name":"applySavings","decl":{"start":{"line":35,"column":16},"end":{"line":35,"column":28}},"loc":{"start":{"line":35,"column":44},"end":{"line":60,"column":1}},"line":35},"5":{"name":"(anonymous_5)","decl":{"start":{"line":39,"column":24},"end":{"line":39,"column":25}},"loc":{"start":{"line":39,"column":35},"end":{"line":45,"column":3}},"line":39}},"branchMap":{"0":{"loc":{"start":{"line":14,"column":2},"end":{"line":16,"column":3}},"type":"if","locations":[{"start":{"line":14,"column":2},"end":{"line":16,"column":3}},{"start":{"line":14,"column":2},"end":{"line":16,"column":3}}],"line":14},"1":{"loc":{"start":{"line":40,"column":4},"end":{"line":44,"column":5}},"type":"if","locations":[{"start":{"line":40,"column":4},"end":{"line":44,"column":5}},{"start":{"line":40,"column":4},"end":{"line":44,"column":5}}],"line":40},"2":{"loc":{"start":{"line":47,"column":2},"end":{"line":51,"column":3}},"type":"if","locations":[{"start":{"line":47,"column":2},"end":{"line":51,"column":3}},{"start":{"line":47,"column":2},"end":{"line":51,"column":3}}],"line":47},"3":{"loc":{"start":{"line":53,"column":2},"end":{"line":57,"column":3}},"type":"if","locations":[{"start":{"line":53,"column":2},"end":{"line":57,"column":3}},{"start":{"line":53,"column":2},"end":{"line":57,"column":3}}],"line":53}},"s":{"0":1,"1":9,"2":9,"3":9,"4":9,"5":1,"6":8,"7":8,"8":33,"9":33,"10":9,"11":29,"12":9,"13":8,"14":8,"15":8,"16":29,"17":11,"18":18,"19":8,"20":5,"21":5,"22":5,"23":8,"24":6,"25":6,"26":6,"27":8},"f":{"0":9,"1":33,"2":9,"3":29,"4":8,"5":29},"b":{"0":[1,8],"1":[11,18],"2":[5,3],"3":[6,2]},"_coverageSchema":"332fd63041d2c1bcb487cc26dd0d5f7d97098a6c","hash":"2e338d1b0f14184bef27c5802dbf76e7205b8f25"}
}
