TN:
SF:/Users/cruiiz/Sites/go-compare-chanllenge/index.js
FN:8,priceOf
FN:23,getProductValue
FN:28,sumValues
FN:29,(anonymous_3)
FN:35,applySavings
FN:39,(anonymous_5)
FNF:6
FNH:6
FNDA:9,priceOf
FNDA:33,getProductValue
FNDA:9,sumValues
FNDA:29,(anonymous_3)
FNDA:8,applySavings
FNDA:29,(anonymous_5)
DA:1,1
DA:9,9
DA:10,9
DA:12,9
DA:14,9
DA:15,1
DA:18,8
DA:20,8
DA:24,33
DA:25,33
DA:29,9
DA:30,29
DA:32,9
DA:36,8
DA:37,8
DA:39,8
DA:40,29
DA:41,11
DA:43,18
DA:47,8
DA:48,5
DA:49,5
DA:50,5
DA:53,8
DA:54,6
DA:55,6
DA:56,6
DA:59,8
LF:28
LH:28
BRDA:14,0,0,1
BRDA:14,0,1,8
BRDA:40,1,0,11
BRDA:40,1,1,18
BRDA:47,2,0,5
BRDA:47,2,1,3
BRDA:53,3,0,6
BRDA:53,3,1,2
BRF:8
BRH:8
end_of_record
